#
# A fatal error has been detected by the Java Runtime Environment:
#
#  SIGSEGV (0xb) at pc=0x0000000107b1190d, pid=11525, tid=1811
#
# JRE version: Java(TM) SE Runtime Environment (8.0_60-b27) (build 1.8.0_60-b27)
# Java VM: Java HotSpot(TM) 64-Bit Server VM (25.60-b23 mixed mode bsd-amd64 compressed oops)
# Problematic frame:
# V  [libjvm.dylib+0x31190d]  jni_GetObjectClass+0x65
#
# Failed to write core dump. Core dumps have been disabled. To enable core dumping, try "ulimit -c unlimited" before starting Java again
#
# If you would like to submit a bug report, please visit:
#   http://bugreport.java.com/bugreport/crash.jsp
#

---------------  T H R E A D  ---------------

Current thread (0x00007fef892ca000):  JavaThread "AppKit Thread" daemon [_thread_in_vm, id=1811, stack(0x00007fff585da000,0x00007fff58dda000)]

siginfo: si_signo: 11 (SIGSEGV), si_code: 1 (SEGV_MAPERR), si_addr: 0x0000000000000000

Registers:
RAX=0x00000001080d4b04, RBX=0x0000000000000000, RCX=0x0000000108015310, RDX=0x0000000108022280
RSP=0x00007fff58dd4b10, RBP=0x00007fff58dd4b60, RSI=0x0000000000000000, RDI=0x00007fef892ca1f8
R8 =0x0000000000000014, R9 =0x00007fef8840a200, R10=0x000000000000000e, R11=0x00007fff8fc78406
R12=0x0000000000000016, R13=0x00007fef892ca1f8, R14=0x00007fef892ca1f8, R15=0x00007fef892ca000
RIP=0x0000000107b1190d, EFLAGS=0x0000000000010202, ERR=0x0000000000000004
  TRAPNO=0x000000000000000e

Top of Stack: (sp=0x00007fff58dd4b10)
0x00007fff58dd4b10:   0000000000000002 00007fef892ca000
0x00007fff58dd4b20:   0000000000000000 00007fef90026620
0x00007fff58dd4b30:   4038000000000000 00007fef892ca000
0x00007fff58dd4b40:   00007fef892ca000 00007fef8c0b3af0
0x00007fff58dd4b50:   00007fef8c0b3af0 00007fef9001e340
0x00007fff58dd4b60:   00007fff58dd4be0 0000000191507a71
0x00007fff58dd4b70:   40f5420e08b09e32 0000000000000000
0x00007fff58dd4b80:   408ab00000000000 0000000000000000
0x00007fff58dd4b90:   0000000000000002 0000000000000000
0x00007fff58dd4ba0:   00000000030001f6 00007fef90026620
0x00007fff58dd4bb0:   4038000000000000 00007fef8c0b3af0
0x00007fff58dd4bc0:   0000000000000016 0000000000000000
0x00007fff58dd4bd0:   00007fef9001e340 fffffffbffffffff
0x00007fff58dd4be0:   00007fff58dd4e90 00007fff902e26cc
0x00007fff58dd4bf0:   407ef00000000000 4079e00000000000
0x00007fff58dd4c00:   00007fef8850cd30 0000282f00000100
0x00007fff58dd4c10:   00007fef8c0b3af0 0000000000000000
0x00007fff58dd4c20:   0000000400000000 0000000000000000
0x00007fff58dd4c30:   0000000000000001 00000001000067ec
0x00007fff58dd4c40:   0000000000002d05 000188af001d81d8
0x00007fff58dd4c50:   0000000000000000 000000000000ffff
0x00007fff58dd4c60:   00000000ffffb332 fffffffd00000000
0x00007fff58dd4c70:   0000000000000000 0000000000000000
0x00007fff58dd4c80:   0000000000000100 00007fef9001f080
0x00007fff58dd4c90:   00007fef8c0b3af0 00007fff8fc6eb46
0x00007fff58dd4ca0:   0000000000000000 00007fff8f1b0dd4
0x00007fff58dd4cb0:   00007fef90026620 0000000000000000
0x00007fff58dd4cc0:   00007fff58dd4d3c 00007fff58dd4d40
0x00007fff58dd4cd0:   00007fff58dd4d44 00007fef8848d920
0x00007fff58dd4ce0:   ffffffffffffffff 0001206800000040
0x00007fff58dd4cf0:   00007fef8848d938 00007fef8848d920
0x00007fff58dd4d00:   0000000000000002 000000000000282f 

Instructions: (pc=0x0000000107b1190d)
0x0000000107b118ed:   74 09 48 8d 7d b8 e8 90 f9 19 00 4c 89 f7 48 89
0x0000000107b118fd:   de 90 0f 1f 40 00 48 8d 05 fa 31 5c 00 80 38 00
0x0000000107b1190d:   48 8b 03 74 15 48 8d 15 b7 ef 51 00 8a 4a 08 8b
0x0000000107b1191d:   40 08 48 d3 e0 48 03 02 eb 04 48 8b 40 08 48 8b 

Register to memory mapping:

RAX=0x00000001080d4b04: UseCompressedClassPointers+0 in /Library/Java/JavaVirtualMachines/jdk1.8.0_60.jdk/Contents/Home/jre/lib/server/libjvm.dylib at 0x0000000107800000
RBX=0x0000000000000000 is an unknown value
RCX=0x0000000108015310: UseMembar+0 in /Library/Java/JavaVirtualMachines/jdk1.8.0_60.jdk/Contents/Home/jre/lib/server/libjvm.dylib at 0x0000000107800000
RDX=0x0000000108022280: jni_NativeInterface+0 in /Library/Java/JavaVirtualMachines/jdk1.8.0_60.jdk/Contents/Home/jre/lib/server/libjvm.dylib at 0x0000000107800000
RSP=0x00007fff58dd4b10 is pointing into the stack for thread: 0x00007fef892ca000
RBP=0x00007fff58dd4b60 is pointing into the stack for thread: 0x00007fef892ca000
RSI=0x0000000000000000 is an unknown value
RDI=0x00007fef892ca1f8 is an unknown value
R8 =0x0000000000000014 is an unknown value
R9 =0x00007fef8840a200 is an unknown value
R10=0x000000000000000e is an unknown value
R11=0x00007fff8fc78406: -[NSEvent timestamp]+0 in /System/Library/Frameworks/AppKit.framework/Versions/C/AppKit at 0x00007fff8fb13000
R12=0x0000000000000016 is an unknown value
R13=0x00007fef892ca1f8 is an unknown value
R14=0x00007fef892ca1f8 is an unknown value
R15=0x00007fef892ca000 is a thread


Stack: [0x00007fff585da000,0x00007fff58dda000],  sp=0x00007fff58dd4b10,  free space=8170k
Native frames: (J=compiled Java code, j=interpreted, Vv=VM code, C=native code)
V  [libjvm.dylib+0x31190d]  jni_GetObjectClass+0x65
C  [liblwjgl.jnilib+0xaa71]  -[MacOSXOpenGLView scrollWheel:]+0x81
C  [AppKit+0x7cf6cc]  -[NSWindow _reallySendEvent:isDelayedEvent:]+0x1b1d
C  [AppKit+0x160c86]  -[NSWindow sendEvent:]+0x1d6
C  [AppKit+0x15d137]  -[NSApplication sendEvent:]+0x8ed
C  [libosxapp.dylib+0x232c]  -[NSApplicationAWT sendEvent:]+0x17a
C  [AppKit+0x86b68]  -[NSApplication run]+0x2c7
C  [libosxapp.dylib+0x214d]  +[NSApplicationAWT runAWTLoopWithApp:]+0x9c
C  [libawt_lwawt.dylib+0x44517]  -[AWTStarter starter:]+0x389
C  [Foundation+0x92d00]  __NSThreadPerformPerform+0x125
C  [CoreFoundation+0x80a01]  __CFRUNLOOP_IS_CALLING_OUT_TO_A_SOURCE0_PERFORM_FUNCTION__+0x11
C  [CoreFoundation+0x72b8d]  __CFRunLoopDoSources0+0x10d
C  [CoreFoundation+0x721bf]  __CFRunLoopRun+0x39f
C  [CoreFoundation+0x71bd8]  CFRunLoopRunSpecific+0x128
C  [java+0x6463]  CreateExecutionEnvironment+0x367
C  [java+0x21ac]  JLI_Launch+0x7a0
C  [java+0x84c0]  main+0x65
C  [java+0x1a04]  start+0x34
C  0x0000000000000008


---------------  P R O C E S S  ---------------

Java Threads: ( => current thread )
  0x00007fef8d7b6000 JavaThread "AWT-Shutdown" [_thread_blocked, id=54307, stack(0x0000000191891000,0x0000000191991000)]
  0x00007fef88ede000 JavaThread "Timer hack thread" daemon [_thread_blocked, id=37975, stack(0x0000000191680000,0x0000000191780000)]
  0x00007fef8ca3d000 JavaThread "Snooper Timer" daemon [_thread_blocked, id=13579, stack(0x000000019157d000,0x000000019167d000)]
  0x00007fef88b69000 JavaThread "Java2D Disposer" daemon [_thread_blocked, id=52007, stack(0x0000000124a4a000,0x0000000124b4a000)]
  0x00007fef88b5b800 JavaThread "Java2D Queue Flusher" daemon [_thread_blocked, id=50951, stack(0x0000000124187000,0x0000000124287000)]
=>0x00007fef892ca000 JavaThread "AppKit Thread" daemon [_thread_in_vm, id=1811, stack(0x00007fff585da000,0x00007fff58dda000)]
  0x00007fef8883e000 JavaThread "Service Thread" daemon [_thread_blocked, id=19203, stack(0x000000011e499000,0x000000011e599000)]
  0x00007fef8884c000 JavaThread "C1 CompilerThread2" daemon [_thread_blocked, id=18691, stack(0x000000011e396000,0x000000011e496000)]
  0x00007fef88834800 JavaThread "C2 CompilerThread1" daemon [_thread_in_native, id=18179, stack(0x000000011e293000,0x000000011e393000)]
  0x00007fef8a078800 JavaThread "C2 CompilerThread0" daemon [_thread_blocked, id=17667, stack(0x000000011e190000,0x000000011e290000)]
  0x00007fef8a083800 JavaThread "Signal Dispatcher" daemon [_thread_blocked, id=17155, stack(0x000000011e08d000,0x000000011e18d000)]
  0x00007fef88805800 JavaThread "Surrogate Locker Thread (Concurrent GC)" daemon [_thread_blocked, id=14091, stack(0x000000011df8a000,0x000000011e08a000)]
  0x00007fef88832000 JavaThread "Finalizer" daemon [_thread_blocked, id=12035, stack(0x000000011c57f000,0x000000011c67f000)]
  0x00007fef8882b800 JavaThread "Reference Handler" daemon [_thread_blocked, id=11523, stack(0x000000011c47c000,0x000000011c57c000)]
  0x00007fef88808000 JavaThread "Client thread" [_thread_blocked, id=4867, stack(0x000000010878a000,0x000000010888a000)]

Other Threads:
  0x00007fef89804800 VMThread [stack: 0x000000011c379000,0x000000011c479000] [id=11011]
  0x00007fef8a05a000 WatcherThread [stack: 0x000000011e59c000,0x000000011e69c000] [id=19715]

VM state:synchronizing (normal execution)

VM Mutex/Monitor currently owned by a thread:  ([mutex/lock_event])
[0x00007fef88702150] Threads_lock - owner thread: 0x00007fef89804800
[0x00007fef88702bd0] Compile_lock - owner thread: 0x00007fef88808000

Heap:
 par new generation   total 306688K, used 241022K [0x0000000780000000, 0x0000000794cc0000, 0x0000000794cc0000)
  eden space 272640K,  82% used [0x0000000780000000, 0x000000078dad7cc8, 0x0000000790a40000)
  from space 34048K,  49% used [0x0000000792b80000, 0x0000000793c07df8, 0x0000000794cc0000)
  to   space 34048K,   0% used [0x0000000790a40000, 0x0000000790a40000, 0x0000000792b80000)
 concurrent mark-sweep generation total 707840K, used 48534K [0x0000000794cc0000, 0x00000007c0000000, 0x00000007c0000000)
 Metaspace       used 25759K, capacity 25970K, committed 26260K, reserved 1073152K
  class space    used 3288K, capacity 3380K, committed 3476K, reserved 1048576K

Card table byte_map: [0x0000000118058000,0x0000000118259000] byte_map_base: 0x0000000114458000

Marking Bits: (CMSBitMap*) 0x00007fef8a03c348
 Bits: [0x00000001187b3000, 0x0000000119280000)

Mod Union Table: (CMSBitMap*) 0x00007fef8a03c408
 Bits: [0x0000000106f93000, 0x0000000106fbe340)

Polling page: 0x0000000106f7f000

CodeCache: size=245760Kb used=11560Kb max_used=11585Kb free=234199Kb
 bounds [0x000000010888c000, 0x00000001093ec000, 0x000000011788c000]
 total_blobs=3430 nmethods=2849 adapters=494
 compilation: enabled

Compilation events (10 events):
Event: 12.300 Thread 0x00007fef8884c000 2963       2       org.objectweb.asm.tree.MethodNode::<init> (31 bytes)
Event: 12.300 Thread 0x00007fef8884c000 nmethod 2963 0x00000001093bac10 code [0x00000001093bad80, 0x00000001093bafd8]
Event: 12.312 Thread 0x00007fef8884c000 2964       2       java.io.ExpiringCache::cleanup (94 bytes)
Event: 12.313 Thread 0x00007fef8884c000 nmethod 2964 0x00000001093c8a50 code [0x00000001093c8c20, 0x00000001093c90b8]
Event: 12.327 Thread 0x00007fef88834800 nmethod 2765 0x00000001093d08d0 code [0x00000001093d0da0, 0x00000001093d5558]
Event: 12.327 Thread 0x00007fef88834800 2962       4       org.objectweb.asm.MethodWriter::visitMaxs (1159 bytes)
Event: 12.337 Thread 0x00007fef88834800 nmethod 2962 0x00000001093cd010 code [0x00000001093cd180, 0x00000001093cd578]
Event: 12.337 Thread 0x00007fef88834800 2916       4       org.objectweb.asm.tree.MethodNode::accept (916 bytes)
Event: 12.407 Thread 0x00007fef8a078800 nmethod 2751 0x00000001093df650 code [0x00000001093dfcc0, 0x00000001093e4098]
Event: 12.407 Thread 0x00007fef8a078800 2791 %     4       org.objectweb.asm.ClassReader::readCode @ 672 (3263 bytes)

GC Heap History (8 events):
Event: 2.140 GC heap before
{Heap before GC invocations=0 (full 0):
 par new generation   total 306688K, used 54600K [0x0000000780000000, 0x0000000794cc0000, 0x0000000794cc0000)
  eden space 272640K,  20% used [0x0000000780000000, 0x00000007835520d8, 0x0000000790a40000)
  from space 34048K,   0% used [0x0000000790a40000, 0x0000000790a40000, 0x0000000792b80000)
  to   space 34048K,   0% used [0x0000000792b80000, 0x0000000792b80000, 0x0000000794cc0000)
 concurrent mark-sweep generation total 707840K, used 0K [0x0000000794cc0000, 0x00000007c0000000, 0x00000007c0000000)
 Metaspace       used 10073K, capacity 10186K, committed 10240K, reserved 1058816K
  class space    used 1197K, capacity 1235K, committed 1280K, reserved 1048576K
Event: 2.173 GC heap after
Heap after GC invocations=1 (full 1):
 par new generation   total 306688K, used 0K [0x0000000780000000, 0x0000000794cc0000, 0x0000000794cc0000)
  eden space 272640K,   0% used [0x0000000780000000, 0x0000000780000000, 0x0000000790a40000)
  from space 34048K,   0% used [0x0000000790a40000, 0x0000000790a40000, 0x0000000792b80000)
  to   space 34048K,   0% used [0x0000000792b80000, 0x0000000792b80000, 0x0000000794cc0000)
 concurrent mark-sweep generation total 707840K, used 5353K [0x0000000794cc0000, 0x00000007c0000000, 0x00000007c0000000)
 Metaspace       used 10073K, capacity 10186K, committed 10240K, reserved 1058816K
  class space    used 1197K, capacity 1235K, committed 1280K, reserved 1048576K
}
Event: 8.381 GC heap before
{Heap before GC invocations=1 (full 2):
 par new generation   total 306688K, used 272640K [0x0000000780000000, 0x0000000794cc0000, 0x0000000794cc0000)
  eden space 272640K, 100% used [0x0000000780000000, 0x0000000790a40000, 0x0000000790a40000)
  from space 34048K,   0% used [0x0000000790a40000, 0x0000000790a40000, 0x0000000792b80000)
  to   space 34048K,   0% used [0x0000000792b80000, 0x0000000792b80000, 0x0000000794cc0000)
 concurrent mark-sweep generation total 707840K, used 5353K [0x0000000794cc0000, 0x00000007c0000000, 0x00000007c0000000)
 Metaspace       used 19225K, capacity 19436K, committed 19840K, reserved 1067008K
  class space    used 2270K, capacity 2355K, committed 2432K, reserved 1048576K
Event: 8.436 GC heap after
Heap after GC invocations=2 (full 2):
 par new generation   total 306688K, used 34048K [0x0000000780000000, 0x0000000794cc0000, 0x0000000794cc0000)
  eden space 272640K,   0% used [0x0000000780000000, 0x0000000780000000, 0x0000000790a40000)
  from space 34048K, 100% used [0x0000000792b80000, 0x0000000794cc0000, 0x0000000794cc0000)
  to   space 34048K,   0% used [0x0000000790a40000, 0x0000000790a40000, 0x0000000792b80000)
 concurrent mark-sweep generation total 707840K, used 7038K [0x0000000794cc0000, 0x00000007c0000000, 0x00000007c0000000)
 Metaspace       used 19225K, capacity 19436K, committed 19840K, reserved 1067008K
  class space    used 2270K, capacity 2355K, committed 2432K, reserved 1048576K
}
Event: 9.851 GC heap before
{Heap before GC invocations=2 (full 2):
 par new generation   total 306688K, used 306688K [0x0000000780000000, 0x0000000794cc0000, 0x0000000794cc0000)
  eden space 272640K, 100% used [0x0000000780000000, 0x0000000790a40000, 0x0000000790a40000)
  from space 34048K, 100% used [0x0000000792b80000, 0x0000000794cc0000, 0x0000000794cc0000)
  to   space 34048K,   0% used [0x0000000790a40000, 0x0000000790a40000, 0x0000000792b80000)
 concurrent mark-sweep generation total 707840K, used 7038K [0x0000000794cc0000, 0x00000007c0000000, 0x00000007c0000000)
 Metaspace       used 21679K, capacity 21938K, committed 22216K, reserved 1069056K
  class space    used 2534K, capacity 2612K, committed 2684K, reserved 1048576K
Event: 10.128 GC heap after
Heap after GC invocations=3 (full 2):
 par new generation   total 306688K, used 32200K [0x0000000780000000, 0x0000000794cc0000, 0x0000000794cc0000)
  eden space 272640K,   0% used [0x0000000780000000, 0x0000000780000000, 0x0000000790a40000)
  from space 34048K,  94% used [0x0000000790a40000, 0x00000007929b22a8, 0x0000000792b80000)
  to   space 34048K,   0% used [0x0000000792b80000, 0x0000000792b80000, 0x0000000794cc0000)
 concurrent mark-sweep generation total 707840K, used 51385K [0x0000000794cc0000, 0x00000007c0000000, 0x00000007c0000000)
 Metaspace       used 21679K, capacity 21938K, committed 22216K, reserved 1069056K
  class space    used 2534K, capacity 2612K, committed 2684K, reserved 1048576K
}
Event: 11.318 GC heap before
{Heap before GC invocations=3 (full 2):
 par new generation   total 306688K, used 304840K [0x0000000780000000, 0x0000000794cc0000, 0x0000000794cc0000)
  eden space 272640K, 100% used [0x0000000780000000, 0x0000000790a40000, 0x0000000790a40000)
  from space 34048K,  94% used [0x0000000790a40000, 0x00000007929b22a8, 0x0000000792b80000)
  to   space 34048K,   0% used [0x0000000792b80000, 0x0000000792b80000, 0x0000000794cc0000)
 concurrent mark-sweep generation total 707840K, used 48534K [0x0000000794cc0000, 0x00000007c0000000, 0x00000007c0000000)
 Metaspace       used 23747K, capacity 24018K, committed 24340K, reserved 1071104K
  class space    used 2945K, capacity 3028K, committed 3092K, reserved 1048576K
Event: 11.336 GC heap after
Heap after GC invocations=4 (full 2):
 par new generation   total 306688K, used 16927K [0x0000000780000000, 0x0000000794cc0000, 0x0000000794cc0000)
  eden space 272640K,   0% used [0x0000000780000000, 0x0000000780000000, 0x0000000790a40000)
  from space 34048K,  49% used [0x0000000792b80000, 0x0000000793c07df8, 0x0000000794cc0000)
  to   space 34048K,   0% used [0x0000000790a40000, 0x0000000790a40000, 0x0000000792b80000)
 concurrent mark-sweep generation total 707840K, used 48534K [0x0000000794cc0000, 0x00000007c0000000, 0x00000007c0000000)
 Metaspace       used 23747K, capacity 24018K, committed 24340K, reserved 1071104K
  class space    used 2945K, capacity 3028K, committed 3092K, reserved 1048576K
}

Deoptimization events (10 events):
Event: 11.642 Thread 0x00007fef88808000 Uncommon trap: reason=class_check action=maybe_recompile pc=0x00000001090b8f60 method=com.google.common.base.Splitter$SplittingIterator.computeNext()Ljava/lang/String; @ 232
Event: 11.642 Thread 0x00007fef88808000 Uncommon trap: reason=class_check action=maybe_recompile pc=0x00000001090b8f60 method=com.google.common.base.Splitter$SplittingIterator.computeNext()Ljava/lang/String; @ 232
Event: 11.642 Thread 0x00007fef88808000 Uncommon trap: reason=class_check action=maybe_recompile pc=0x00000001090afe24 method=com.google.common.base.Splitter$SplittingIterator.computeNext()Ljava/lang/String; @ 232
Event: 11.642 Thread 0x00007fef88808000 Uncommon trap: reason=class_check action=maybe_recompile pc=0x00000001090c9b90 method=com.google.common.base.Splitter$SplittingIterator.computeNext()Ljava/lang/String; @ 232
Event: 11.705 Thread 0x00007fef88808000 Uncommon trap: reason=unstable_if action=reinterpret pc=0x000000010922e0f0 method=org.objectweb.asm.ByteVector.putUTF8(Ljava/lang/String;)Lorg/objectweb/asm/ByteVector; @ 98
Event: 11.718 Thread 0x00007fef88808000 Uncommon trap: reason=unstable_if action=reinterpret pc=0x00000001090c3f68 method=org.objectweb.asm.ByteVector.putUTF8(Ljava/lang/String;)Lorg/objectweb/asm/ByteVector; @ 98
Event: 11.719 Thread 0x00007fef88808000 Uncommon trap: reason=unstable_if action=reinterpret pc=0x00000001090d80c8 method=org.objectweb.asm.ClassReader.readUTF(II[C)Ljava/lang/String; @ 77
Event: 11.721 Thread 0x00007fef88808000 Uncommon trap: reason=unstable_if action=reinterpret pc=0x00000001091bee2c method=org.objectweb.asm.ByteVector.putUTF8(Ljava/lang/String;)Lorg/objectweb/asm/ByteVector; @ 98
Event: 11.730 Thread 0x00007fef88808000 Uncommon trap: reason=unstable_if action=reinterpret pc=0x00000001090bf1dc method=org.objectweb.asm.ClassReader.readUTF(II[C)Ljava/lang/String; @ 77
Event: 11.730 Thread 0x00007fef88808000 Uncommon trap: reason=unstable_if action=reinterpret pc=0x000000010909eb58 method=org.objectweb.asm.ByteVector.putUTF8(Ljava/lang/String;)Lorg/objectweb/asm/ByteVector; @ 98

Internal exceptions (10 events):
Event: 3.110 Thread 0x00007fef88808000 Exception <a 'java/io/FileNotFoundException'> (0x00000007819712d8) thrown at [/Users/java_re/workspace/8-2-build-macosx-x86_64/jdk8u60/4407/hotspot/src/share/vm/prims/jni.cpp, line 709]
Event: 3.110 Thread 0x00007fef88808000 Exception <a 'java/io/FileNotFoundException'> (0x00000007819725f0) thrown at [/Users/java_re/workspace/8-2-build-macosx-x86_64/jdk8u60/4407/hotspot/src/share/vm/prims/jni.cpp, line 709]
Event: 3.246 Thread 0x00007fef88808000 Implicit null exception at 0x0000000108b935b5 to 0x0000000108b937dd
Event: 3.246 Thread 0x00007fef88808000 Implicit null exception at 0x0000000108bd1898 to 0x0000000108bd1926
Event: 7.698 Thread 0x00007fef88808000 Exception <a 'java/lang/ArrayIndexOutOfBoundsException'> (0x000000078b27c090) thrown at [/Users/java_re/workspace/8-2-build-macosx-x86_64/jdk8u60/4407/hotspot/src/share/vm/runtime/sharedRuntime.cpp, line 605]
Event: 7.699 Thread 0x00007fef88808000 Exception <a 'java/lang/ArrayIndexOutOfBoundsException'> (0x000000078b286ff0) thrown at [/Users/java_re/workspace/8-2-build-macosx-x86_64/jdk8u60/4407/hotspot/src/share/vm/runtime/sharedRuntime.cpp, line 605]
Event: 7.699 Thread 0x00007fef88808000 Exception <a 'java/lang/ArrayIndexOutOfBoundsException'> (0x000000078b294e08) thrown at [/Users/java_re/workspace/8-2-build-macosx-x86_64/jdk8u60/4407/hotspot/src/share/vm/runtime/sharedRuntime.cpp, line 605]
Event: 7.969 Thread 0x00007fef88808000 Exception <a 'java/lang/ArrayIndexOutOfBoundsException': 65> (0x000000078d3dad50) thrown at [/Users/java_re/workspace/8-2-build-macosx-x86_64/jdk8u60/4407/hotspot/src/share/vm/interpreter/interpreterRuntime.cpp, line 366]
Event: 7.972 Thread 0x00007fef88808000 Exception <a 'java/lang/ArrayIndexOutOfBoundsException': 67> (0x000000078d4138c0) thrown at [/Users/java_re/workspace/8-2-build-macosx-x86_64/jdk8u60/4407/hotspot/src/share/vm/interpreter/interpreterRuntime.cpp, line 366]
Event: 9.239 Thread 0x00007fef88808000 Exception <a 'java/lang/UnsatisfiedLinkError'> (0x0000000789f3e5d0) thrown at [/Users/java_re/workspace/8-2-build-macosx-x86_64/jdk8u60/4407/hotspot/src/share/vm/prims/jvm.cpp, line 1390]

Events (10 events):
Event: 12.418 loading class org/lwjgl/opengl/Display$7 done
Event: 12.420 Thread 0x00007fef8d7b6000 Thread added: 0x00007fef8d7b6000
Event: 12.453 loading class org/lwjgl/MemoryUtil
Event: 12.453 loading class org/lwjgl/MemoryUtil done
Event: 12.456 loading class java/nio/charset/CharacterCodingException
Event: 12.456 loading class java/nio/charset/CharacterCodingException done
Event: 12.456 loading class org/lwjgl/MemoryUtil$Accessor
Event: 12.456 loading class org/lwjgl/MemoryUtil$Accessor done
Event: 12.457 loading class org/lwjgl/MemoryUtilSun$AccessorUnsafe
Event: 12.457 loading class org/lwjgl/MemoryUtilSun$AccessorUnsafe done


Dynamic libraries:
0x0000000000ccb000 	/System/Library/Frameworks/Cocoa.framework/Versions/A/Cocoa
0x0000000000ccb000 	/System/Library/Frameworks/Security.framework/Versions/A/Security
0x0000000000ccb000 	/System/Library/Frameworks/ApplicationServices.framework/Versions/A/ApplicationServices
0x0000000000ccb000 	/usr/lib/libz.1.dylib
0x0000000000ccb000 	/usr/lib/libSystem.B.dylib
0x0000000000ccb000 	/usr/lib/libobjc.A.dylib
0x0000000000ccb000 	/System/Library/Frameworks/CoreFoundation.framework/Versions/A/CoreFoundation
0x0000000000ccb000 	/System/Library/Frameworks/Foundation.framework/Versions/C/Foundation
0x0000000000ccb000 	/System/Library/Frameworks/AppKit.framework/Versions/C/AppKit
0x0000000000ccb000 	/System/Library/Frameworks/CoreData.framework/Versions/A/CoreData
0x0000000000ccb000 	/System/Library/PrivateFrameworks/RemoteViewServices.framework/Versions/A/RemoteViewServices
0x0000000000ccb000 	/System/Library/PrivateFrameworks/UIFoundation.framework/Versions/A/UIFoundation
0x0000000000ccb000 	/System/Library/Frameworks/IOSurface.framework/Versions/A/IOSurface
0x0000000000ccb000 	/System/Library/Frameworks/AudioToolbox.framework/Versions/A/AudioToolbox
0x0000000000ccb000 	/System/Library/Frameworks/AudioUnit.framework/Versions/A/AudioUnit
0x0000000000ccb000 	/System/Library/PrivateFrameworks/DataDetectorsCore.framework/Versions/A/DataDetectorsCore
0x0000000000ccb000 	/System/Library/PrivateFrameworks/DesktopServicesPriv.framework/Versions/A/DesktopServicesPriv
0x0000000000ccb000 	/System/Library/Frameworks/Carbon.framework/Versions/A/Frameworks/HIToolbox.framework/Versions/A/HIToolbox
0x0000000000ccb000 	/System/Library/Frameworks/QuartzCore.framework/Versions/A/QuartzCore
0x0000000000ccb000 	/System/Library/Frameworks/Carbon.framework/Versions/A/Frameworks/SpeechRecognition.framework/Versions/A/SpeechRecognition
0x0000000000ccb000 	/usr/lib/libauto.dylib
0x0000000000ccb000 	/usr/lib/libicucore.A.dylib
0x0000000000ccb000 	/usr/lib/libxml2.2.dylib
0x0000000000ccb000 	/System/Library/PrivateFrameworks/CoreUI.framework/Versions/A/CoreUI
0x0000000000ccb000 	/System/Library/Frameworks/CoreAudio.framework/Versions/A/CoreAudio
0x0000000000ccb000 	/System/Library/Frameworks/DiskArbitration.framework/Versions/A/DiskArbitration
0x0000000000ccb000 	/usr/lib/liblangid.dylib
0x0000000000ccb000 	/System/Library/PrivateFrameworks/MultitouchSupport.framework/Versions/A/MultitouchSupport
0x0000000000ccb000 	/System/Library/Frameworks/IOKit.framework/Versions/A/IOKit
0x0000000000ccb000 	/usr/lib/libDiagnosticMessagesClient.dylib
0x0000000000ccb000 	/System/Library/Frameworks/CoreServices.framework/Versions/A/CoreServices
0x0000000000ccb000 	/System/Library/PrivateFrameworks/PerformanceAnalysis.framework/Versions/A/PerformanceAnalysis
0x0000000000ccb000 	/System/Library/PrivateFrameworks/GenerationalStorage.framework/Versions/A/GenerationalStorage
0x0000000000ccb000 	/System/Library/Frameworks/OpenGL.framework/Versions/A/OpenGL
0x0000000000ccb000 	/System/Library/PrivateFrameworks/Sharing.framework/Versions/A/Sharing
0x0000000000ccb000 	/System/Library/Frameworks/CoreGraphics.framework/Versions/A/CoreGraphics
0x0000000000ccb000 	/System/Library/Frameworks/CoreText.framework/Versions/A/CoreText
0x0000000000ccb000 	/System/Library/Frameworks/ImageIO.framework/Versions/A/ImageIO
0x0000000000ccb000 	/usr/lib/libextension.dylib
0x0000000000ccb000 	/System/Library/PrivateFrameworks/Backup.framework/Versions/A/Backup
0x0000000000ccb000 	/usr/lib/libarchive.2.dylib
0x0000000000ccb000 	/System/Library/Frameworks/CFNetwork.framework/Versions/A/CFNetwork
0x0000000000ccb000 	/System/Library/Frameworks/SystemConfiguration.framework/Versions/A/SystemConfiguration
0x0000000000ccb000 	/usr/lib/libCRFSuite.dylib
0x0000000000ccb000 	/usr/lib/libc++.1.dylib
0x0000000000ccb000 	/usr/lib/libc++abi.dylib
0x0000000000ccb000 	/usr/lib/system/libcache.dylib
0x0000000000ccb000 	/usr/lib/system/libcommonCrypto.dylib
0x0000000000ccb000 	/usr/lib/system/libcompiler_rt.dylib
0x0000000000ccb000 	/usr/lib/system/libcopyfile.dylib
0x0000000000ccb000 	/usr/lib/system/libcorecrypto.dylib
0x0000000000ccb000 	/usr/lib/system/libdispatch.dylib
0x0000000000ccb000 	/usr/lib/system/libdyld.dylib
0x0000000000ccb000 	/usr/lib/system/libkeymgr.dylib
0x0000000000ccb000 	/usr/lib/system/liblaunch.dylib
0x0000000000ccb000 	/usr/lib/system/libmacho.dylib
0x0000000000ccb000 	/usr/lib/system/libquarantine.dylib
0x0000000000ccb000 	/usr/lib/system/libremovefile.dylib
0x0000000000ccb000 	/usr/lib/system/libsystem_asl.dylib
0x0000000000ccb000 	/usr/lib/system/libsystem_blocks.dylib
0x0000000000ccb000 	/usr/lib/system/libsystem_c.dylib
0x0000000000ccb000 	/usr/lib/system/libsystem_configuration.dylib
0x0000000000ccb000 	/usr/lib/system/libsystem_coreservices.dylib
0x0000000000ccb000 	/usr/lib/system/libsystem_coretls.dylib
0x0000000000ccb000 	/usr/lib/system/libsystem_dnssd.dylib
0x0000000000ccb000 	/usr/lib/system/libsystem_info.dylib
0x0000000000ccb000 	/usr/lib/system/libsystem_kernel.dylib
0x0000000000ccb000 	/usr/lib/system/libsystem_m.dylib
0x0000000000ccb000 	/usr/lib/system/libsystem_malloc.dylib
0x0000000000ccb000 	/usr/lib/system/libsystem_network.dylib
0x0000000000ccb000 	/usr/lib/system/libsystem_networkextension.dylib
0x0000000000ccb000 	/usr/lib/system/libsystem_notify.dylib
0x0000000000ccb000 	/usr/lib/system/libsystem_platform.dylib
0x0000000000ccb000 	/usr/lib/system/libsystem_pthread.dylib
0x0000000000ccb000 	/usr/lib/system/libsystem_sandbox.dylib
0x0000000000ccb000 	/usr/lib/system/libsystem_secinit.dylib
0x0000000000ccb000 	/usr/lib/system/libsystem_stats.dylib
0x0000000000ccb000 	/usr/lib/system/libsystem_trace.dylib
0x0000000000ccb000 	/usr/lib/system/libunc.dylib
0x0000000000ccb000 	/usr/lib/system/libunwind.dylib
0x0000000000ccb000 	/usr/lib/system/libxpc.dylib
0x0000000000ccb000 	/usr/lib/libbz2.1.0.dylib
0x0000000000ccb000 	/usr/lib/liblzma.5.dylib
0x0000000000ccb000 	/usr/lib/libbsm.0.dylib
0x0000000000ccb000 	/usr/lib/libsqlite3.dylib
0x0000000000ccb000 	/usr/lib/system/libkxld.dylib
0x0000000000ccb000 	/usr/lib/libxar.1.dylib
0x0000000000ccb000 	/usr/lib/libpam.2.dylib
0x0000000000ccb000 	/usr/lib/libOpenScriptingUtil.dylib
0x0000000000ccb000 	/System/Library/Frameworks/CoreServices.framework/Versions/A/Frameworks/FSEvents.framework/Versions/A/FSEvents
0x0000000000ccb000 	/System/Library/Frameworks/CoreServices.framework/Versions/A/Frameworks/CarbonCore.framework/Versions/A/CarbonCore
0x0000000000ccb000 	/System/Library/Frameworks/CoreServices.framework/Versions/A/Frameworks/Metadata.framework/Versions/A/Metadata
0x0000000000ccb000 	/System/Library/Frameworks/CoreServices.framework/Versions/A/Frameworks/OSServices.framework/Versions/A/OSServices
0x0000000000ccb000 	/System/Library/Frameworks/CoreServices.framework/Versions/A/Frameworks/SearchKit.framework/Versions/A/SearchKit
0x0000000000ccb000 	/System/Library/Frameworks/CoreServices.framework/Versions/A/Frameworks/AE.framework/Versions/A/AE
0x0000000000ccb000 	/System/Library/Frameworks/CoreServices.framework/Versions/A/Frameworks/LaunchServices.framework/Versions/A/LaunchServices
0x0000000000ccb000 	/System/Library/Frameworks/CoreServices.framework/Versions/A/Frameworks/DictionaryServices.framework/Versions/A/DictionaryServices
0x0000000000ccb000 	/System/Library/Frameworks/NetFS.framework/Versions/A/NetFS
0x0000000000ccb000 	/System/Library/PrivateFrameworks/NetAuth.framework/Versions/A/NetAuth
0x0000000000ccb000 	/System/Library/PrivateFrameworks/login.framework/Versions/A/Frameworks/loginsupport.framework/Versions/A/loginsupport
0x0000000000ccb000 	/System/Library/PrivateFrameworks/TCC.framework/Versions/A/TCC
0x0000000000ccb000 	/usr/lib/libmecabra.dylib
0x0000000000ccb000 	/System/Library/Frameworks/ApplicationServices.framework/Versions/A/Frameworks/ATS.framework/Versions/A/ATS
0x0000000000ccb000 	/System/Library/Frameworks/ApplicationServices.framework/Versions/A/Frameworks/ColorSync.framework/Versions/A/ColorSync
0x0000000000ccb000 	/System/Library/Frameworks/ApplicationServices.framework/Versions/A/Frameworks/HIServices.framework/Versions/A/HIServices
0x0000000000ccb000 	/System/Library/Frameworks/ApplicationServices.framework/Versions/A/Frameworks/LangAnalysis.framework/Versions/A/LangAnalysis
0x0000000000ccb000 	/System/Library/Frameworks/ApplicationServices.framework/Versions/A/Frameworks/PrintCore.framework/Versions/A/PrintCore
0x0000000000ccb000 	/System/Library/Frameworks/ApplicationServices.framework/Versions/A/Frameworks/QD.framework/Versions/A/QD
0x0000000000ccb000 	/System/Library/Frameworks/ApplicationServices.framework/Versions/A/Frameworks/SpeechSynthesis.framework/Versions/A/SpeechSynthesis
0x0000000000ccb000 	/System/Library/Frameworks/Accelerate.framework/Versions/A/Accelerate
0x0000000000ccb000 	/System/Library/Frameworks/Accelerate.framework/Versions/A/Frameworks/vImage.framework/Versions/A/vImage
0x0000000000ccb000 	/System/Library/Frameworks/Accelerate.framework/Versions/A/Frameworks/vecLib.framework/Versions/A/vecLib
0x0000000000ccb000 	/System/Library/Frameworks/Accelerate.framework/Versions/A/Frameworks/vecLib.framework/Versions/A/libvDSP.dylib
0x0000000000ccb000 	/System/Library/Frameworks/Accelerate.framework/Versions/A/Frameworks/vecLib.framework/Versions/A/libvMisc.dylib
0x0000000000ccb000 	/System/Library/Frameworks/Accelerate.framework/Versions/A/Frameworks/vecLib.framework/Versions/A/libLAPACK.dylib
0x0000000000ccb000 	/System/Library/Frameworks/Accelerate.framework/Versions/A/Frameworks/vecLib.framework/Versions/A/libBLAS.dylib
0x0000000000ccb000 	/System/Library/Frameworks/Accelerate.framework/Versions/A/Frameworks/vecLib.framework/Versions/A/libLinearAlgebra.dylib
0x0000000000ccb000 	/System/Library/Frameworks/ApplicationServices.framework/Versions/A/Frameworks/ATS.framework/Versions/A/Resources/libFontParser.dylib
0x0000000000ccb000 	/System/Library/Frameworks/ApplicationServices.framework/Versions/A/Frameworks/ATS.framework/Versions/A/Resources/libFontRegistry.dylib
0x0000000000ccb000 	/System/Library/PrivateFrameworks/AppleVPA.framework/Versions/A/AppleVPA
0x0000000000ccb000 	/System/Library/PrivateFrameworks/AppleJPEG.framework/Versions/A/AppleJPEG
0x0000000000ccb000 	/System/Library/Frameworks/ImageIO.framework/Versions/A/Resources/libJPEG.dylib
0x0000000000ccb000 	/System/Library/Frameworks/ImageIO.framework/Versions/A/Resources/libTIFF.dylib
0x0000000000ccb000 	/System/Library/Frameworks/ImageIO.framework/Versions/A/Resources/libPng.dylib
0x0000000000ccb000 	/System/Library/Frameworks/ImageIO.framework/Versions/A/Resources/libGIF.dylib
0x0000000000ccb000 	/System/Library/Frameworks/ImageIO.framework/Versions/A/Resources/libJP2.dylib
0x0000000000ccb000 	/System/Library/Frameworks/ImageIO.framework/Versions/A/Resources/libRadiance.dylib
0x0000000000ccb000 	/System/Library/Frameworks/CoreVideo.framework/Versions/A/CoreVideo
0x0000000000ccb000 	/System/Library/Frameworks/OpenGL.framework/Versions/A/Libraries/libGLU.dylib
0x0000000000ccb000 	/System/Library/Frameworks/OpenGL.framework/Versions/A/Libraries/libGFXShared.dylib
0x0000000000ccb000 	/System/Library/Frameworks/OpenGL.framework/Versions/A/Libraries/libGL.dylib
0x0000000000ccb000 	/System/Library/Frameworks/OpenGL.framework/Versions/A/Libraries/libGLImage.dylib
0x0000000000ccb000 	/System/Library/Frameworks/OpenGL.framework/Versions/A/Libraries/libCVMSPluginSupport.dylib
0x0000000000ccb000 	/System/Library/Frameworks/OpenGL.framework/Versions/A/Libraries/libCoreVMClient.dylib
0x0000000000ccb000 	/usr/lib/libcups.2.dylib
0x0000000000ccb000 	/System/Library/Frameworks/Kerberos.framework/Versions/A/Kerberos
0x0000000000ccb000 	/System/Library/Frameworks/GSS.framework/Versions/A/GSS
0x0000000000ccb000 	/usr/lib/libresolv.9.dylib
0x0000000000ccb000 	/usr/lib/libiconv.2.dylib
0x0000000000ccb000 	/System/Library/PrivateFrameworks/Heimdal.framework/Versions/A/Heimdal
0x0000000000ccb000 	/usr/lib/libheimdal-asn1.dylib
0x0000000000ccb000 	/System/Library/Frameworks/OpenDirectory.framework/Versions/A/OpenDirectory
0x0000000000ccb000 	/System/Library/PrivateFrameworks/CommonAuth.framework/Versions/A/CommonAuth
0x0000000000ccb000 	/System/Library/Frameworks/OpenDirectory.framework/Versions/A/Frameworks/CFOpenDirectory.framework/Versions/A/CFOpenDirectory
0x0000000000ccb000 	/System/Library/Frameworks/SecurityFoundation.framework/Versions/A/SecurityFoundation
0x0000000000ccb000 	/System/Library/PrivateFrameworks/LanguageModeling.framework/Versions/A/LanguageModeling
0x0000000000ccb000 	/usr/lib/libcmph.dylib
0x0000000000ccb000 	/System/Library/Frameworks/ServiceManagement.framework/Versions/A/ServiceManagement
0x0000000000ccb000 	/usr/lib/libxslt.1.dylib
0x0000000000ccb000 	/System/Library/Frameworks/Carbon.framework/Versions/A/Frameworks/Ink.framework/Versions/A/Ink
0x0000000000ccb000 	/System/Library/Frameworks/QuartzCore.framework/Versions/A/Frameworks/CoreImage.framework/Versions/A/CoreImage
0x0000000000ccb000 	/System/Library/PrivateFrameworks/CrashReporterSupport.framework/Versions/A/CrashReporterSupport
0x0000000000ccb000 	/System/Library/Frameworks/OpenCL.framework/Versions/A/OpenCL
0x0000000000ccb000 	/System/Library/PrivateFrameworks/FaceCore.framework/Versions/A/FaceCore
0x0000000000ccb000 	/System/Library/PrivateFrameworks/Ubiquity.framework/Versions/A/Ubiquity
0x0000000000ccb000 	/System/Library/PrivateFrameworks/IconServices.framework/Versions/A/IconServices
0x0000000000ccb000 	/System/Library/PrivateFrameworks/ChunkingLibrary.framework/Versions/A/ChunkingLibrary
0x0000000000ccb000 	/System/Library/PrivateFrameworks/Apple80211.framework/Versions/A/Apple80211
0x0000000000ccb000 	/System/Library/Frameworks/CoreWLAN.framework/Versions/A/CoreWLAN
0x0000000000ccb000 	/System/Library/Frameworks/IOBluetooth.framework/Versions/A/IOBluetooth
0x0000000000ccb000 	/System/Library/PrivateFrameworks/CoreWiFi.framework/Versions/A/CoreWiFi
0x0000000000ccb000 	/System/Library/Frameworks/CoreBluetooth.framework/Versions/A/CoreBluetooth
0x0000000000ccb000 	/System/Library/PrivateFrameworks/DebugSymbols.framework/Versions/A/DebugSymbols
0x0000000000ccb000 	/System/Library/PrivateFrameworks/CoreSymbolication.framework/Versions/A/CoreSymbolication
0x0000000000ccb000 	/System/Library/PrivateFrameworks/Symbolication.framework/Versions/A/Symbolication
0x0000000000ccb000 	/System/Library/PrivateFrameworks/SpeechRecognitionCore.framework/Versions/A/SpeechRecognitionCore
0x0000000107800000 	/Library/Java/JavaVirtualMachines/jdk1.8.0_60.jdk/Contents/Home/jre/lib/server/libjvm.dylib
0x0000000000ccb000 	/usr/lib/libstdc++.6.dylib
0x0000000106f3c000 	/Library/Java/JavaVirtualMachines/jdk1.8.0_60.jdk/Contents/Home/jre/lib/libverify.dylib
0x0000000106f4a000 	/Library/Java/JavaVirtualMachines/jdk1.8.0_60.jdk/Contents/Home/jre/lib/libjava.dylib
0x0000000106f89000 	/Library/Java/JavaVirtualMachines/jdk1.8.0_60.jdk/Contents/Home/jre/lib/libzip.dylib
0x0000000106fe5000 	/System/Library/Frameworks/JavaVM.framework/Frameworks/JavaRuntimeSupport.framework/JavaRuntimeSupport
0x000000011c681000 	/System/Library/Frameworks/JavaVM.framework/Versions/A/Frameworks/JavaNativeFoundation.framework/Versions/A/JavaNativeFoundation
0x000000011c696000 	/System/Library/Frameworks/JavaVM.framework/Versions/A/JavaVM
0x0000000000ccb000 	/System/Library/Frameworks/Carbon.framework/Versions/A/Carbon
0x000000011c6a3000 	/System/Library/PrivateFrameworks/JavaLaunching.framework/Versions/A/JavaLaunching
0x0000000000ccb000 	/System/Library/Frameworks/Carbon.framework/Versions/A/Frameworks/CommonPanels.framework/Versions/A/CommonPanels
0x0000000000ccb000 	/System/Library/Frameworks/Carbon.framework/Versions/A/Frameworks/Help.framework/Versions/A/Help
0x0000000000ccb000 	/System/Library/Frameworks/Carbon.framework/Versions/A/Frameworks/ImageCapture.framework/Versions/A/ImageCapture
0x0000000000ccb000 	/System/Library/Frameworks/Carbon.framework/Versions/A/Frameworks/OpenScripting.framework/Versions/A/OpenScripting
0x0000000000ccb000 	/System/Library/Frameworks/Carbon.framework/Versions/A/Frameworks/Print.framework/Versions/A/Print
0x0000000000ccb000 	/System/Library/Frameworks/Carbon.framework/Versions/A/Frameworks/SecurityHI.framework/Versions/A/SecurityHI
0x000000011ea62000 	/Library/Java/JavaVirtualMachines/jdk1.8.0_60.jdk/Contents/Home/jre/lib/libmanagement.dylib
0x000000011ea70000 	/Library/Java/JavaVirtualMachines/jdk1.8.0_60.jdk/Contents/Home/jre/lib/libnet.dylib
0x000000011eacf000 	/Library/Java/JavaVirtualMachines/jdk1.8.0_60.jdk/Contents/Home/jre/lib/libnio.dylib
0x000000011f914000 	/Library/Java/JavaVirtualMachines/jdk1.8.0_60.jdk/Contents/Home/jre/lib/libawt.dylib
0x000000011f9bc000 	/Library/Java/JavaVirtualMachines/jdk1.8.0_60.jdk/Contents/Home/jre/lib/./libmlib_image.dylib
0x000000011fa88000 	/Library/Java/JavaVirtualMachines/jdk1.8.0_60.jdk/Contents/Home/jre/lib/libawt_lwawt.dylib
0x000000011fb3d000 	/Library/Java/JavaVirtualMachines/jdk1.8.0_60.jdk/Contents/Home/jre/lib/./libosxapp.dylib
0x0000000000ccb000 	/System/Library/Frameworks/ExceptionHandling.framework/Versions/A/ExceptionHandling
0x0000000000ccb000 	/System/Library/PrivateFrameworks/CoreServicesInternal.framework/Versions/A/CoreServicesInternal
0x0000000000ccb000 	/System/Library/PrivateFrameworks/CloudDocs.framework/Versions/A/CloudDocs
0x0000000000ccb000 	/System/Library/PrivateFrameworks/CoreDuet.framework/Versions/A/CoreDuet
0x0000000000ccb000 	/System/Library/Frameworks/CloudKit.framework/Versions/A/CloudKit
0x0000000000ccb000 	/System/Library/PrivateFrameworks/ProtocolBuffer.framework/Versions/A/ProtocolBuffer
0x0000000000ccb000 	/System/Library/PrivateFrameworks/CoreDuetDaemonProtocol.framework/Versions/A/CoreDuetDaemonProtocol
0x0000000000ccb000 	/System/Library/PrivateFrameworks/CoreDuetDebugLogging.framework/Versions/A/CoreDuetDebugLogging
0x0000000000ccb000 	/System/Library/PrivateFrameworks/MMCS.framework/Versions/A/MMCS
0x0000000000ccb000 	/System/Library/Frameworks/CoreLocation.framework/Versions/A/CoreLocation
0x0000000000ccb000 	/System/Library/PrivateFrameworks/ProtectedCloudStorage.framework/Versions/A/ProtectedCloudStorage
0x0000000000ccb000 	/System/Library/PrivateFrameworks/GeoServices.framework/Versions/A/GeoServices
0x0000000000ccb000 	/System/Library/Frameworks/CoreGraphics.framework/Versions/A/Resources/libCGCMS.A.dylib
0x0000000000ccb000 	/System/Library/Frameworks/CoreGraphics.framework/Versions/A/Resources/libRIP.A.dylib
0x0000000000ccb000 	/System/Library/Frameworks/CoreGraphics.framework/Versions/A/Resources/libCGXType.A.dylib
0x0000000000ccb000 	/System/Library/Frameworks/OpenCL.framework/Versions/A/Libraries/libcldcpuengine.dylib
0x0000000000ccb000 	/System/Library/PrivateFrameworks/DiskImages.framework/Versions/A/DiskImages
0x0000000000ccb000 	/System/Library/Frameworks/DiscRecording.framework/Versions/A/DiscRecording
0x0000000000ccb000 	/usr/lib/libcsfde.dylib
0x0000000000ccb000 	/usr/lib/libcurl.4.dylib
0x0000000000ccb000 	/System/Library/PrivateFrameworks/MediaKit.framework/Versions/A/MediaKit
0x0000000000ccb000 	/usr/lib/libCoreStorage.dylib
0x0000000000ccb000 	/System/Library/PrivateFrameworks/EFILogin.framework/Versions/A/EFILogin
0x0000000000ccb000 	/usr/lib/libutil.dylib
0x0000000000ccb000 	/System/Library/PrivateFrameworks/FindMyDevice.framework/Versions/A/FindMyDevice
0x0000000000ccb000 	/System/Library/Frameworks/LDAP.framework/Versions/A/LDAP
0x0000000000ccb000 	/usr/lib/libsasl2.2.dylib
0x0000000000ccb000 	/System/Library/PrivateFrameworks/CoreDaemon.framework/Versions/B/CoreDaemon
0x0000000000ccb000 	/usr/lib/libcrypto.0.9.8.dylib
0x0000000000ccb000 	/System/Library/PrivateFrameworks/AppleSRP.framework/Versions/A/AppleSRP
0x0000000000ccb000 	/System/Library/PrivateFrameworks/TrustEvaluationAgent.framework/Versions/A/TrustEvaluationAgent
0x000000011eaf1000 	cl_kernels
0x0000000122e62000 	/System/Library/Frameworks/OpenCL.framework/Versions/A/Libraries/ImageFormats/unorm8_bgra.dylib
0x000000011eae2000 	cl_kernels
0x0000000000ccb000 	/System/Library/PrivateFrameworks/FamilyControls.framework/Versions/A/FamilyControls
0x0000000000ccb000 	/System/Library/PrivateFrameworks/CommerceKit.framework/Versions/A/Frameworks/CommerceCore.framework/Versions/A/CommerceCore
0x0000000000ccb000 	/System/Library/PrivateFrameworks/SystemAdministration.framework/Versions/A/SystemAdministration
0x0000000000ccb000 	/System/Library/PrivateFrameworks/AppContainer.framework/Versions/A/AppContainer
0x0000000000ccb000 	/System/Library/PrivateFrameworks/SecCodeWrapper.framework/Versions/A/SecCodeWrapper
0x0000000000ccb000 	/System/Library/Frameworks/DirectoryService.framework/Versions/A/DirectoryService
0x0000000000ccb000 	/System/Library/PrivateFrameworks/LoginUIKit.framework/Versions/A/Frameworks/LoginUICore.framework/Versions/A/LoginUICore
0x0000000000ccb000 	/usr/lib/libodfde.dylib
0x00000001222f7000 	/Library/Java/JavaVirtualMachines/jdk1.8.0_60.jdk/Contents/Home/jre/lib/libfontmanager.dylib
0x000000011eb56000 	/Library/Java/JavaVirtualMachines/jdk1.8.0_60.jdk/Contents/Home/jre/lib/libosxui.dylib
0x0000000000ccb000 	/System/Library/Frameworks/OpenGL.framework/Versions/A/Resources/GLEngine.bundle/GLEngine
0x0000000000ccb000 	/System/Library/Frameworks/OpenGL.framework/Versions/A/Libraries/libGLProgrammability.dylib
0x0000000000000000 	/System/Library/Extensions/AppleIntelBDWGraphicsGLDriver.bundle/Contents/MacOS/AppleIntelBDWGraphicsGLDriver
0x0000000000ccb000 	/System/Library/PrivateFrameworks/IOAccelerator.framework/Versions/A/IOAccelerator
0x0000000000ccb000 	/System/Library/PrivateFrameworks/GPUSupport.framework/Versions/A/Libraries/libGPUSupportMercury.dylib
0x0000000000ccb000 	/System/Library/Frameworks/OpenGL.framework/Versions/A/Resources/GLRendererFloat.bundle/GLRendererFloat
0x0000000000ccb000 	/System/Library/Frameworks/ApplicationServices.framework/Versions/A/Frameworks/ATS.framework/Versions/A/Resources/libTrueTypeScaler.dylib
0x00000001914fd000 	/Users/19jasonides_a/.gradle/caches/minecraft/net/minecraft/minecraft_natives/1.7.10/liblwjgl.jnilib
0x000000011c796000 	/Library/Java/JavaVirtualMachines/jdk1.8.0_60.jdk/Contents/Home/jre/lib/libjawt.dylib

VM Arguments:
jvm_args: -Xincgc -Xmx1024M -Xms1024M -Dfile.encoding=UTF-8 
java_command: GradleStart
java_class_path (initial): /Users/19jasonides_a/Documents/Programming/forge-1.7.10-10.13.4.1492-1.7.10-src/bin:/Users/19jasonides_a/.gradle/caches/minecraft/net/minecraftforge/forge/1.7.10-10.13.4.1492-1.7.10/forgeSrc-1.7.10-10.13.4.1492-1.7.10.jar:/Users/19jasonides_a/.gradle/caches/modules-2/files-2.1/net.minecraft/launchwrapper/1.12/111e7bea9c968cdb3d06ef4632bf7ff0824d0f36/launchwrapper-1.12.jar:/Users/19jasonides_a/.gradle/caches/modules-2/files-2.1/com.google.code.findbugs/jsr305/1.3.9/40719ea6961c0cb6afaeb6a921eaa1f6afd4cfdf/jsr305-1.3.9.jar:/Users/19jasonides_a/.gradle/caches/modules-2/files-2.1/org.ow2.asm/asm-debug-all/5.0.3/f9e364ae2a66ce2a543012a4668856e84e5dab74/asm-debug-all-5.0.3.jar:/Users/19jasonides_a/.gradle/caches/modules-2/files-2.1/com.typesafe.akka/akka-actor_2.11/2.3.3/ed62e9fc709ca0f2ff1a3220daa8b70a2870078e/akka-actor_2.11-2.3.3.jar:/Users/19jasonides_a/.gradle/caches/modules-2/files-2.1/com.typesafe/config/1.2.1/f771f71fdae3df231bcd54d5ca2d57f0bf93f467/config-1.2.1.jar:/Users/19jasonides_a/.gradle/caches/modules-2/files-2.1/org.scala-lang/scala-actors-migration_2.11/1.1.0/dfa8bc42b181d5b9f1a5dd147f8ae308b893eb6f/scala-actors-migration_2.11-1.1.0.jar:/Users/19jasonides_a/.gradle/caches/modules-2/files-2.1/org.scala-lang/scala-compiler/2.11.1/56ea2e6c025e0821f28d73ca271218b8dd04926a/scala-compiler-2.11.1.jar:/Users/19jasonides_a/.gradle/caches/modules-2/files-2.1/org.scala-lang.plugins/scala-continuations-library_2.11/1.0.2/e517c53a7e9acd6b1668c5a35eccbaa3bab9aac/scala-continuations-library_2.11-1.0.2.jar:/Users/19jasonides_a/.gradle/caches/modules-2/files-2.1/org.scala-lang.plugins/scala-continuations-plugin_2.11.1/1.0.2/f361a3283452c57fa30c1ee69448995de23c60f7/scala-continuations-plugin_2.11.1-1.0.2.jar:/Users/19jasonides_a/.gradle/caches/modules-2/files-2.1/org.scala-lang/scala-library/2.11.1/e11da23da3eabab9f4777b9220e60d44c1aab6a/scala-library-2.11.1.jar:/Users/19jasonides_a/.gradle/caches/modules-2/files-2.1/org.scala-lang/scala-parse
Launcher Type: SUN_STANDARD

Environment Variables:
PATH=/usr/bin:/bin:/usr/sbin:/sbin
SHELL=/bin/bash
DISPLAY=/private/tmp/com.apple.launchd.H5Wd6UoocV/org.macosforge.xquartz:0

Signal Handlers:
SIGSEGV: [libjvm.dylib+0x5a6d31], sa_mask[0]=11111111011111110111111111111111, sa_flags=SA_ONSTACK|SA_RESTART|SA_SIGINFO
SIGBUS: [libjvm.dylib+0x5a6d31], sa_mask[0]=11111111011111110111111111111111, sa_flags=SA_RESTART|SA_SIGINFO
SIGFPE: [libjvm.dylib+0x480a4c], sa_mask[0]=11111111011111110111111111111111, sa_flags=SA_RESTART|SA_SIGINFO
SIGPIPE: [libjvm.dylib+0x480a4c], sa_mask[0]=11111111011111110111111111111111, sa_flags=SA_RESTART|SA_SIGINFO
SIGXFSZ: [libjvm.dylib+0x480a4c], sa_mask[0]=11111111011111110111111111111111, sa_flags=SA_RESTART|SA_SIGINFO
SIGILL: [libjvm.dylib+0x480a4c], sa_mask[0]=11111111011111110111111111111111, sa_flags=SA_RESTART|SA_SIGINFO
SIGUSR1: SIG_DFL, sa_mask[0]=00000000000000000000000000000000, sa_flags=none
SIGUSR2: [libjvm.dylib+0x48056a], sa_mask[0]=00100000000000000000000000000000, sa_flags=SA_RESTART|SA_SIGINFO
SIGHUP: [libjvm.dylib+0x47eb41], sa_mask[0]=11111111011111110111111111111111, sa_flags=SA_RESTART|SA_SIGINFO
SIGINT: [libjvm.dylib+0x47eb41], sa_mask[0]=11111111011111110111111111111111, sa_flags=SA_RESTART|SA_SIGINFO
SIGTERM: [libjvm.dylib+0x47eb41], sa_mask[0]=11111111011111110111111111111111, sa_flags=SA_RESTART|SA_SIGINFO
SIGQUIT: [libjvm.dylib+0x47eb41], sa_mask[0]=11111111011111110111111111111111, sa_flags=SA_RESTART|SA_SIGINFO


---------------  S Y S T E M  ---------------

OS:Bsduname:Darwin 14.4.0 Darwin Kernel Version 14.4.0: Thu May 28 11:35:04 PDT 2015; root:xnu-2782.30.5~1/RELEASE_X86_64 x86_64
rlimit: STACK 8192k, CORE 0k, NPROC 709, NOFILE 10240, AS infinity
load average:2.73 3.86 3.87

CPU:total 4 (2 cores per cpu, 2 threads per core) family 6 model 61 stepping 4, cmov, cx8, fxsr, mmx, sse, sse2, sse3, ssse3, sse4.1, sse4.2, popcnt, avx, avx2, aes, clmul, erms, 3dnowpref, lzcnt, ht, tsc, tscinvbit, bmi1, bmi2, adx

Memory: 4k page, physical 4194304k(184624k free)

/proc/meminfo:


vm_info: Java HotSpot(TM) 64-Bit Server VM (25.60-b23) for bsd-amd64 JRE (1.8.0_60-b27), built on Aug  4 2015 10:47:24 by "java_re" with gcc 4.2.1 (Based on Apple Inc. build 5658) (LLVM build 2336.11.00)

time: Wed Oct 14 09:03:42 2015
elapsed time: 12 seconds (0d 0h 0m 12s)

